{"/home/fupov/Downloads/PCPokemonAPI-main/PokemonReactFront/front/src/Routes/AuthRoute.tsx": {"path":"/home/fupov/Downloads/PCPokemonAPI-main/PokemonReactFront/front/src/Routes/AuthRoute.tsx","statementMap":{"0":{"start":{"line":5,"column":28},"end":{"line":5,"column":53}},"1":{"start":{"line":7,"column":4},"end":{"line":11,"column":5}},"2":{"start":{"line":8,"column":8},"end":{"line":8,"column":21}},"3":{"start":{"line":10,"column":8},"end":{"line":10,"column":20}}},"fnMap":{"0":{"name":"AuthRoute","decl":{"start":{"line":4,"column":24},"end":{"line":4,"column":33}},"loc":{"start":{"line":4,"column":36},"end":{"line":12,"column":1}},"line":4}},"branchMap":{"0":{"loc":{"start":{"line":7,"column":4},"end":{"line":11,"column":5}},"type":"if","locations":[{"start":{"line":7,"column":4},"end":{"line":11,"column":5}},{"start":{"line":9,"column":11},"end":{"line":11,"column":5}}],"line":7},"1":{"loc":{"start":{"line":7,"column":8},"end":{"line":7,"column":123}},"type":"binary-expr","locations":[{"start":{"line":7,"column":8},"end":{"line":7,"column":30}},{"start":{"line":7,"column":34},"end":{"line":7,"column":58}},{"start":{"line":7,"column":62},"end":{"line":7,"column":92}},{"start":{"line":7,"column":96},"end":{"line":7,"column":123}}],"line":7}},"s":{"0":5,"1":5,"2":4,"3":1},"f":{"0":5},"b":{"0":[4,1],"1":[5,2,1,1]},"_coverageSchema":"1a1c01bbd47fc00a2c39e90264f33305004495a9","hash":"d70e45fc1d580516baa6e5dad8a46437f1113056"}
,"/home/fupov/Downloads/PCPokemonAPI-main/PokemonReactFront/front/src/Routes/DresseurRoute.tsx": {"path":"/home/fupov/Downloads/PCPokemonAPI-main/PokemonReactFront/front/src/Routes/DresseurRoute.tsx","statementMap":{"0":{"start":{"line":4,"column":47},"end":{"line":7,"column":1}},"1":{"start":{"line":9,"column":22},"end":{"line":15,"column":2}},"2":{"start":{"line":14,"column":26},"end":{"line":14,"column":35}},"3":{"start":{"line":17,"column":38},"end":{"line":24,"column":1}},"4":{"start":{"line":18,"column":42},"end":{"line":18,"column":70}},"5":{"start":{"line":19,"column":4},"end":{"line":23,"column":5}}},"fnMap":{"0":{"name":"(anonymous_0)","decl":{"start":{"line":14,"column":20},"end":{"line":14,"column":21}},"loc":{"start":{"line":14,"column":26},"end":{"line":14,"column":35}},"line":14},"1":{"name":"(anonymous_1)","decl":{"start":{"line":17,"column":38},"end":{"line":17,"column":39}},"loc":{"start":{"line":17,"column":81},"end":{"line":24,"column":1}},"line":17}},"branchMap":{},"s":{"0":6,"1":6,"2":0,"3":6,"4":0,"5":0},"f":{"0":0,"1":0},"b":{},"_coverageSchema":"1a1c01bbd47fc00a2c39e90264f33305004495a9","hash":"41a4552411e2c36f122a95e63775eb990be8fc66"}
,"/home/fupov/Downloads/PCPokemonAPI-main/PokemonReactFront/front/src/components/Footer.tsx": {"path":"/home/fupov/Downloads/PCPokemonAPI-main/PokemonReactFront/front/src/components/Footer.tsx","statementMap":{"0":{"start":{"line":5,"column":2},"end":{"line":38,"column":4}}},"fnMap":{"0":{"name":"Footer","decl":{"start":{"line":4,"column":24},"end":{"line":4,"column":30}},"loc":{"start":{"line":4,"column":33},"end":{"line":39,"column":1}},"line":4}},"branchMap":{},"s":{"0":5},"f":{"0":5},"b":{},"_coverageSchema":"1a1c01bbd47fc00a2c39e90264f33305004495a9","hash":"34e6989472493d62bc76d8873e8d6067bdf7218b"}
,"/home/fupov/Downloads/PCPokemonAPI-main/PokemonReactFront/front/src/components/Header.tsx": {"path":"/home/fupov/Downloads/PCPokemonAPI-main/PokemonReactFront/front/src/components/Header.tsx","statementMap":{"0":{"start":{"line":9,"column":21},"end":{"line":9,"column":32}},"1":{"start":{"line":10,"column":29},"end":{"line":10,"column":54}},"2":{"start":{"line":12,"column":23},"end":{"line":15,"column":3}},"3":{"start":{"line":13,"column":4},"end":{"line":13,"column":41}},"4":{"start":{"line":14,"column":4},"end":{"line":14,"column":39}},"5":{"start":{"line":17,"column":2},"end":{"line":67,"column":4}}},"fnMap":{"0":{"name":"Header","decl":{"start":{"line":8,"column":24},"end":{"line":8,"column":30}},"loc":{"start":{"line":8,"column":33},"end":{"line":68,"column":1}},"line":8},"1":{"name":"(anonymous_1)","decl":{"start":{"line":12,"column":23},"end":{"line":12,"column":24}},"loc":{"start":{"line":12,"column":29},"end":{"line":15,"column":3}},"line":12}},"branchMap":{"0":{"loc":{"start":{"line":30,"column":15},"end":{"line":61,"column":15}},"type":"cond-expr","locations":[{"start":{"line":31,"column":16},"end":{"line":51,"column":19}},{"start":{"line":53,"column":16},"end":{"line":60,"column":19}}],"line":30}},"s":{"0":2,"1":2,"2":2,"3":0,"4":0,"5":2},"f":{"0":2,"1":0},"b":{"0":[0,2]},"_coverageSchema":"1a1c01bbd47fc00a2c39e90264f33305004495a9","hash":"ca8cde9786a7b95ba3c4e4008593881d31ef1a8e"}
,"/home/fupov/Downloads/PCPokemonAPI-main/PokemonReactFront/front/src/components/Layout.tsx": {"path":"/home/fupov/Downloads/PCPokemonAPI-main/PokemonReactFront/front/src/components/Layout.tsx","statementMap":{"0":{"start":{"line":7,"column":4},"end":{"line":13,"column":6}}},"fnMap":{"0":{"name":"Layout","decl":{"start":{"line":6,"column":24},"end":{"line":6,"column":30}},"loc":{"start":{"line":6,"column":33},"end":{"line":14,"column":1}},"line":6}},"branchMap":{},"s":{"0":1},"f":{"0":1},"b":{},"_coverageSchema":"1a1c01bbd47fc00a2c39e90264f33305004495a9","hash":"be0b4d04ff7332325d5682ef4fe3d5e491f42734"}
,"/home/fupov/Downloads/PCPokemonAPI-main/PokemonReactFront/front/src/pages/About.tsx": {"path":"/home/fupov/Downloads/PCPokemonAPI-main/PokemonReactFront/front/src/pages/About.tsx","statementMap":{"0":{"start":{"line":4,"column":4},"end":{"line":23,"column":6}}},"fnMap":{"0":{"name":"About","decl":{"start":{"line":3,"column":24},"end":{"line":3,"column":29}},"loc":{"start":{"line":3,"column":32},"end":{"line":24,"column":1}},"line":3}},"branchMap":{},"s":{"0":1},"f":{"0":1},"b":{},"_coverageSchema":"1a1c01bbd47fc00a2c39e90264f33305004495a9","hash":"6fb22d5b72ee7229f5496087ce04ca33daac9dee"}
,"/home/fupov/Downloads/PCPokemonAPI-main/PokemonReactFront/front/src/pages/CreateNewBoxe.tsx": {"path":"/home/fupov/Downloads/PCPokemonAPI-main/PokemonReactFront/front/src/pages/CreateNewBoxe.tsx","statementMap":{"0":{"start":{"line":8,"column":19},"end":{"line":8,"column":32}},"1":{"start":{"line":9,"column":32},"end":{"line":9,"column":44}},"2":{"start":{"line":10,"column":26},"end":{"line":10,"column":51}},"3":{"start":{"line":13,"column":4},"end":{"line":13,"column":23}},"4":{"start":{"line":14,"column":19},"end":{"line":14,"column":57}},"5":{"start":{"line":15,"column":4},"end":{"line":19,"column":5}},"6":{"start":{"line":16,"column":6},"end":{"line":16,"column":20}},"7":{"start":{"line":18,"column":6},"end":{"line":18,"column":56}},"8":{"start":{"line":22,"column":2},"end":{"line":60,"column":4}},"9":{"start":{"line":41,"column":37},"end":{"line":41,"column":63}}},"fnMap":{"0":{"name":"CreateNewBoxe","decl":{"start":{"line":7,"column":24},"end":{"line":7,"column":37}},"loc":{"start":{"line":7,"column":40},"end":{"line":61,"column":1}},"line":7},"1":{"name":"handleCreate","decl":{"start":{"line":12,"column":17},"end":{"line":12,"column":29}},"loc":{"start":{"line":12,"column":65},"end":{"line":20,"column":3}},"line":12},"2":{"name":"(anonymous_2)","decl":{"start":{"line":41,"column":30},"end":{"line":41,"column":31}},"loc":{"start":{"line":41,"column":37},"end":{"line":41,"column":63}},"line":41}},"branchMap":{"0":{"loc":{"start":{"line":15,"column":4},"end":{"line":19,"column":5}},"type":"if","locations":[{"start":{"line":15,"column":4},"end":{"line":19,"column":5}},{"start":{"line":17,"column":11},"end":{"line":19,"column":5}}],"line":15}},"s":{"0":5,"1":5,"2":5,"3":2,"4":2,"5":2,"6":1,"7":1,"8":5,"9":2},"f":{"0":5,"1":2,"2":2},"b":{"0":[1,1]},"_coverageSchema":"1a1c01bbd47fc00a2c39e90264f33305004495a9","hash":"a65bda7768c8d1ecf3433bb4a9acdee6de45dda2"}
,"/home/fupov/Downloads/PCPokemonAPI-main/PokemonReactFront/front/src/pages/Boxes/BoxesMain.tsx": {"path":"/home/fupov/Downloads/PCPokemonAPI-main/PokemonReactFront/front/src/pages/Boxes/BoxesMain.tsx","statementMap":{"0":{"start":{"line":9,"column":26},"end":{"line":9,"column":51}},"1":{"start":{"line":10,"column":28},"end":{"line":10,"column":48}},"2":{"start":{"line":12,"column":2},"end":{"line":27,"column":20}},"3":{"start":{"line":13,"column":23},"end":{"line":25,"column":5}},"4":{"start":{"line":14,"column":6},"end":{"line":24,"column":7}},"5":{"start":{"line":15,"column":21},"end":{"line":15,"column":48}},"6":{"start":{"line":16,"column":8},"end":{"line":21,"column":9}},"7":{"start":{"line":17,"column":24},"end":{"line":17,"column":44}},"8":{"start":{"line":18,"column":10},"end":{"line":18,"column":26}},"9":{"start":{"line":20,"column":10},"end":{"line":20,"column":58}},"10":{"start":{"line":23,"column":8},"end":{"line":23,"column":54}},"11":{"start":{"line":26,"column":4},"end":{"line":26,"column":17}},"12":{"start":{"line":29,"column":2},"end":{"line":88,"column":4}},"13":{"start":{"line":60,"column":16},"end":{"line":77,"column":21}}},"fnMap":{"0":{"name":"BoxesMain","decl":{"start":{"line":8,"column":24},"end":{"line":8,"column":33}},"loc":{"start":{"line":8,"column":36},"end":{"line":89,"column":1}},"line":8},"1":{"name":"(anonymous_1)","decl":{"start":{"line":12,"column":12},"end":{"line":12,"column":13}},"loc":{"start":{"line":12,"column":18},"end":{"line":27,"column":3}},"line":12},"2":{"name":"(anonymous_2)","decl":{"start":{"line":13,"column":23},"end":{"line":13,"column":24}},"loc":{"start":{"line":13,"column":35},"end":{"line":25,"column":5}},"line":13},"3":{"name":"(anonymous_3)","decl":{"start":{"line":59,"column":25},"end":{"line":59,"column":26}},"loc":{"start":{"line":60,"column":16},"end":{"line":77,"column":21}},"line":60}},"branchMap":{"0":{"loc":{"start":{"line":16,"column":8},"end":{"line":21,"column":9}},"type":"if","locations":[{"start":{"line":16,"column":8},"end":{"line":21,"column":9}},{"start":{"line":19,"column":15},"end":{"line":21,"column":9}}],"line":16},"1":{"loc":{"start":{"line":16,"column":12},"end":{"line":16,"column":72}},"type":"binary-expr","locations":[{"start":{"line":16,"column":12},"end":{"line":16,"column":16}},{"start":{"line":16,"column":20},"end":{"line":16,"column":43}},{"start":{"line":16,"column":47},"end":{"line":16,"column":72}}],"line":16},"2":{"loc":{"start":{"line":42,"column":7},"end":{"line":86,"column":7}},"type":"cond-expr","locations":[{"start":{"line":43,"column":8},"end":{"line":81,"column":14}},{"start":{"line":83,"column":8},"end":{"line":85,"column":14}}],"line":42}},"s":{"0":5,"1":5,"2":5,"3":3,"4":3,"5":3,"6":2,"7":2,"8":2,"9":0,"10":1,"11":3,"12":5,"13":2},"f":{"0":5,"1":3,"2":3,"3":2},"b":{"0":[2,0],"1":[2,2,2],"2":[1,4]},"_coverageSchema":"1a1c01bbd47fc00a2c39e90264f33305004495a9","hash":"6aa47fe7a20d5956532631df4161f426bbc1cba5"}
,"/home/fupov/Downloads/PCPokemonAPI-main/PokemonReactFront/front/src/services/Boxe.tsx": {"path":"/home/fupov/Downloads/PCPokemonAPI-main/PokemonReactFront/front/src/services/Boxe.tsx","statementMap":{"0":{"start":{"line":5,"column":24},"end":{"line":25,"column":1}},"1":{"start":{"line":8,"column":16},"end":{"line":8,"column":79}},"2":{"start":{"line":9,"column":20},"end":{"line":15,"column":5}},"3":{"start":{"line":17,"column":4},"end":{"line":24,"column":5}},"4":{"start":{"line":18,"column":23},"end":{"line":18,"column":48}},"5":{"start":{"line":19,"column":21},"end":{"line":19,"column":52}},"6":{"start":{"line":21,"column":8},"end":{"line":21,"column":47}},"7":{"start":{"line":23,"column":8},"end":{"line":23,"column":43}},"8":{"start":{"line":27,"column":26},"end":{"line":49,"column":1}},"9":{"start":{"line":31,"column":16},"end":{"line":31,"column":79}},"10":{"start":{"line":32,"column":20},"end":{"line":39,"column":5}},"11":{"start":{"line":41,"column":4},"end":{"line":48,"column":5}},"12":{"start":{"line":42,"column":23},"end":{"line":42,"column":48}},"13":{"start":{"line":43,"column":21},"end":{"line":43,"column":40}},"14":{"start":{"line":45,"column":8},"end":{"line":45,"column":47}},"15":{"start":{"line":47,"column":8},"end":{"line":47,"column":80}},"16":{"start":{"line":52,"column":27},"end":{"line":73,"column":1}},"17":{"start":{"line":56,"column":16},"end":{"line":56,"column":89}},"18":{"start":{"line":57,"column":20},"end":{"line":63,"column":5}},"19":{"start":{"line":65,"column":4},"end":{"line":72,"column":5}},"20":{"start":{"line":66,"column":23},"end":{"line":66,"column":48}},"21":{"start":{"line":67,"column":21},"end":{"line":67,"column":50}},"22":{"start":{"line":69,"column":8},"end":{"line":69,"column":45}},"23":{"start":{"line":71,"column":8},"end":{"line":71,"column":59}},"24":{"start":{"line":75,"column":26},"end":{"line":97,"column":1}},"25":{"start":{"line":79,"column":16},"end":{"line":79,"column":89}},"26":{"start":{"line":80,"column":20},"end":{"line":86,"column":5}},"27":{"start":{"line":88,"column":4},"end":{"line":96,"column":5}},"28":{"start":{"line":89,"column":23},"end":{"line":89,"column":48}},"29":{"start":{"line":90,"column":21},"end":{"line":90,"column":40}},"30":{"start":{"line":91,"column":8},"end":{"line":91,"column":38}},"31":{"start":{"line":92,"column":8},"end":{"line":92,"column":46}},"32":{"start":{"line":94,"column":8},"end":{"line":94,"column":46}},"33":{"start":{"line":95,"column":8},"end":{"line":95,"column":62}}},"fnMap":{"0":{"name":"(anonymous_0)","decl":{"start":{"line":5,"column":24},"end":{"line":5,"column":25}},"loc":{"start":{"line":7,"column":32},"end":{"line":25,"column":1}},"line":7},"1":{"name":"(anonymous_1)","decl":{"start":{"line":27,"column":26},"end":{"line":27,"column":27}},"loc":{"start":{"line":30,"column":5},"end":{"line":49,"column":1}},"line":30},"2":{"name":"(anonymous_2)","decl":{"start":{"line":52,"column":27},"end":{"line":52,"column":28}},"loc":{"start":{"line":55,"column":30},"end":{"line":73,"column":1}},"line":55},"3":{"name":"(anonymous_3)","decl":{"start":{"line":75,"column":26},"end":{"line":75,"column":27}},"loc":{"start":{"line":78,"column":31},"end":{"line":97,"column":1}},"line":78}},"branchMap":{},"s":{"0":2,"1":1,"2":1,"3":1,"4":1,"5":1,"6":1,"7":0,"8":2,"9":1,"10":1,"11":1,"12":1,"13":1,"14":1,"15":0,"16":2,"17":1,"18":1,"19":1,"20":1,"21":1,"22":1,"23":0,"24":2,"25":0,"26":0,"27":0,"28":0,"29":0,"30":0,"31":0,"32":0,"33":0},"f":{"0":1,"1":1,"2":1,"3":0},"b":{},"_coverageSchema":"1a1c01bbd47fc00a2c39e90264f33305004495a9","hash":"c08c3af11d1d90862c6ca701479e2dc9137dc1c7"}
,"/home/fupov/Downloads/PCPokemonAPI-main/PokemonReactFront/front/src/services/Login.tsx": {"path":"/home/fupov/Downloads/PCPokemonAPI-main/PokemonReactFront/front/src/services/Login.tsx","statementMap":{"0":{"start":{"line":3,"column":21},"end":{"line":50,"column":1}},"1":{"start":{"line":7,"column":16},"end":{"line":7,"column":45}},"2":{"start":{"line":8,"column":27},"end":{"line":11,"column":5}},"3":{"start":{"line":13,"column":27},"end":{"line":19,"column":5}},"4":{"start":{"line":21,"column":27},"end":{"line":35,"column":5}},"5":{"start":{"line":22,"column":8},"end":{"line":34,"column":11}},"6":{"start":{"line":23,"column":12},"end":{"line":29,"column":13}},"7":{"start":{"line":24,"column":16},"end":{"line":28,"column":18}},"8":{"start":{"line":30,"column":12},"end":{"line":33,"column":14}},"9":{"start":{"line":37,"column":24},"end":{"line":39,"column":6}},"10":{"start":{"line":37,"column":47},"end":{"line":39,"column":5}},"11":{"start":{"line":41,"column":4},"end":{"line":49,"column":5}},"12":{"start":{"line":42,"column":25},"end":{"line":42,"column":57}},"13":{"start":{"line":43,"column":8},"end":{"line":45,"column":9}},"14":{"start":{"line":44,"column":12},"end":{"line":44,"column":33}},"15":{"start":{"line":46,"column":8},"end":{"line":46,"column":46}},"16":{"start":{"line":48,"column":8},"end":{"line":48,"column":29}}},"fnMap":{"0":{"name":"(anonymous_0)","decl":{"start":{"line":3,"column":21},"end":{"line":3,"column":22}},"loc":{"start":{"line":6,"column":30},"end":{"line":50,"column":1}},"line":6},"1":{"name":"(anonymous_1)","decl":{"start":{"line":21,"column":27},"end":{"line":21,"column":28}},"loc":{"start":{"line":21,"column":76},"end":{"line":35,"column":5}},"line":21},"2":{"name":"(anonymous_2)","decl":{"start":{"line":22,"column":36},"end":{"line":22,"column":37}},"loc":{"start":{"line":22,"column":44},"end":{"line":34,"column":9}},"line":22},"3":{"name":"(anonymous_3)","decl":{"start":{"line":37,"column":24},"end":{"line":37,"column":25}},"loc":{"start":{"line":37,"column":47},"end":{"line":39,"column":5}},"line":37}},"branchMap":{"0":{"loc":{"start":{"line":23,"column":12},"end":{"line":29,"column":13}},"type":"if","locations":[{"start":{"line":23,"column":12},"end":{"line":29,"column":13}},{"start":{},"end":{}}],"line":23},"1":{"loc":{"start":{"line":43,"column":8},"end":{"line":45,"column":9}},"type":"if","locations":[{"start":{"line":43,"column":8},"end":{"line":45,"column":9}},{"start":{},"end":{}}],"line":43}},"s":{"0":1,"1":3,"2":3,"3":3,"4":3,"5":1,"6":1,"7":1,"8":0,"9":3,"10":2,"11":3,"12":3,"13":2,"14":1,"15":1,"16":1},"f":{"0":3,"1":1,"2":1,"3":2},"b":{"0":[1,0],"1":[1,1]},"_coverageSchema":"1a1c01bbd47fc00a2c39e90264f33305004495a9","hash":"f83b34aef57695c9d418c3723dafecd278fde340"}
}
