TN:
SF:src/Routes/AuthRoute.tsx
FN:4,AuthRoute
FNF:1
FNH:1
FNDA:1,AuthRoute
DA:5,1
DA:7,1
DA:8,1
DA:10,0
LF:4
LH:3
BRDA:7,0,0,1
BRDA:7,0,1,0
BRDA:7,1,0,1
BRDA:7,1,1,0
BRDA:7,1,2,0
BRDA:7,1,3,0
BRF:6
BRH:2
end_of_record
TN:
SF:src/Routes/DresseurRoute.tsx
FN:14,(anonymous_0)
FN:17,(anonymous_1)
FNF:2
FNH:0
FNDA:0,(anonymous_0)
FNDA:0,(anonymous_1)
DA:4,5
DA:9,5
DA:14,0
DA:17,5
DA:18,0
DA:19,0
LF:6
LH:3
BRF:0
BRH:0
end_of_record
TN:
SF:src/components/Footer.tsx
FN:4,Footer
FNF:1
FNH:1
FNDA:5,Footer
DA:5,5
LF:1
LH:1
BRF:0
BRH:0
end_of_record
TN:
SF:src/components/Header.tsx
FN:8,Header
FN:12,(anonymous_1)
FNF:2
FNH:1
FNDA:2,Header
FNDA:0,(anonymous_1)
DA:9,2
DA:10,2
DA:12,2
DA:13,0
DA:14,0
DA:17,2
LF:6
LH:4
BRDA:30,0,0,0
BRDA:30,0,1,2
BRF:2
BRH:1
end_of_record
TN:
SF:src/components/Layout.tsx
FN:6,Layout
FNF:1
FNH:1
FNDA:1,Layout
DA:7,1
LF:1
LH:1
BRF:0
BRH:0
end_of_record
TN:
SF:src/pages/About.tsx
FN:3,About
FNF:1
FNH:1
FNDA:1,About
DA:4,1
LF:1
LH:1
BRF:0
BRH:0
end_of_record
TN:
SF:src/pages/CreateNewBoxe.tsx
FN:7,CreateNewBoxe
FN:12,handleCreate
FN:41,(anonymous_2)
FNF:3
FNH:3
FNDA:5,CreateNewBoxe
FNDA:2,handleCreate
FNDA:2,(anonymous_2)
DA:8,5
DA:9,5
DA:10,5
DA:13,2
DA:14,2
DA:15,2
DA:16,1
DA:18,1
DA:22,5
DA:41,2
LF:10
LH:10
BRDA:15,0,0,1
BRDA:15,0,1,1
BRF:2
BRH:2
end_of_record
TN:
SF:src/pages/Boxes/BoxesMain.tsx
FN:8,BoxesMain
FN:12,(anonymous_1)
FN:13,(anonymous_2)
FN:59,(anonymous_3)
FNF:4
FNH:4
FNDA:5,BoxesMain
FNDA:3,(anonymous_1)
FNDA:3,(anonymous_2)
FNDA:2,(anonymous_3)
DA:9,5
DA:10,5
DA:12,5
DA:13,3
DA:14,3
DA:15,3
DA:16,2
DA:17,2
DA:18,2
DA:20,0
DA:23,1
DA:26,3
DA:29,5
DA:60,2
LF:14
LH:13
BRDA:16,0,0,2
BRDA:16,0,1,0
BRDA:16,1,0,2
BRDA:16,1,1,2
BRDA:16,1,2,2
BRDA:42,2,0,1
BRDA:42,2,1,4
BRF:7
BRH:6
end_of_record
TN:
SF:src/services/Boxe.tsx
FN:5,(anonymous_0)
FN:27,(anonymous_1)
FN:52,(anonymous_2)
FN:75,(anonymous_3)
FNF:4
FNH:3
FNDA:1,(anonymous_0)
FNDA:1,(anonymous_1)
FNDA:1,(anonymous_2)
FNDA:0,(anonymous_3)
DA:5,2
DA:8,1
DA:9,1
DA:17,1
DA:18,1
DA:19,1
DA:21,1
DA:23,0
DA:27,2
DA:31,1
DA:32,1
DA:41,1
DA:42,1
DA:43,1
DA:45,1
DA:47,0
DA:52,2
DA:56,1
DA:57,1
DA:65,1
DA:66,1
DA:67,1
DA:69,1
DA:71,0
DA:75,2
DA:79,0
DA:80,0
DA:88,0
DA:89,0
DA:90,0
DA:91,0
DA:92,0
DA:94,0
DA:95,0
LF:34
LH:22
BRF:0
BRH:0
end_of_record
TN:
SF:src/services/Login.tsx
FN:3,(anonymous_0)
FN:21,(anonymous_1)
FN:22,(anonymous_2)
FN:37,(anonymous_3)
FNF:4
FNH:4
FNDA:3,(anonymous_0)
FNDA:1,(anonymous_1)
FNDA:1,(anonymous_2)
FNDA:2,(anonymous_3)
DA:3,1
DA:7,3
DA:8,3
DA:13,3
DA:21,3
DA:22,1
DA:23,1
DA:24,1
DA:30,0
DA:37,3
DA:41,3
DA:42,3
DA:43,2
DA:44,1
DA:46,1
DA:48,1
LF:16
LH:15
BRDA:23,0,0,1
BRDA:23,0,1,0
BRDA:43,1,0,1
BRDA:43,1,1,1
BRF:4
BRH:3
end_of_record
